49    execve("/usr/local/bin/wolfsshd", ["wolfsshd", "-d", "-h", "/etc/ssh/sshd_rsa", "-D"], 0x605df49387c0 /* 8 vars */) = 0
49    brk(NULL)                         = 0x579295f1f000
49    mmap(NULL, 8192, PROT_READ|PROT_WRITE, MAP_PRIVATE|MAP_ANONYMOUS, -1, 0) = 0x77d0dc2c3000
49    openat(AT_FDCWD, "./build/oob-handler.so", O_RDONLY|O_CLOEXEC) = 3
49    read(3, "\177ELF\2\1\1\0\0\0\0\0\0\0\0\0\3\0>\0\1\0\0\0\0\0\0\0\0\0\0\0"..., 832) = 832
49    fstat(3, {st_mode=S_IFREG|0775, st_size=15840, ...}) = 0
49    getcwd("/project", 128)           = 9
49    mmap(NULL, 16440, PROT_READ, MAP_PRIVATE|MAP_DENYWRITE, 3, 0) = 0x77d0dc2be000
49    mmap(0x77d0dc2bf000, 4096, PROT_READ|PROT_EXEC, MAP_PRIVATE|MAP_FIXED|MAP_DENYWRITE, 3, 0x1000) = 0x77d0dc2bf000
49    mmap(0x77d0dc2c0000, 4096, PROT_READ, MAP_PRIVATE|MAP_FIXED|MAP_DENYWRITE, 3, 0x2000) = 0x77d0dc2c0000
49    mmap(0x77d0dc2c1000, 8192, PROT_READ|PROT_WRITE, MAP_PRIVATE|MAP_FIXED|MAP_DENYWRITE, 3, 0x2000) = 0x77d0dc2c1000
49    close(3)                          = 0
49    access("/etc/ld.so.preload", R_OK) = -1 ENOENT (No such file or directory)
49    openat(AT_FDCWD, "/etc/ld.so.cache", O_RDONLY|O_CLOEXEC) = 3
49    fstat(3, {st_mode=S_IFREG|0644, st_size=10311, ...}) = 0
49    mmap(NULL, 10311, PROT_READ, MAP_PRIVATE, 3, 0) = 0x77d0dc2bb000
49    close(3)                          = 0
49    openat(AT_FDCWD, "/usr/local/lib/libwolfssh.so.18", O_RDONLY|O_CLOEXEC) = 3
49    read(3, "\177ELF\2\1\1\0\0\0\0\0\0\0\0\0\3\0>\0\1\0\0\0\0\0\0\0\0\0\0\0"..., 832) = 832
49    fstat(3, {st_mode=S_IFREG|0755, st_size=758984, ...}) = 0
49    mmap(NULL, 366232, PROT_READ, MAP_PRIVATE|MAP_DENYWRITE, 3, 0) = 0x77d0dc261000
49    mmap(0x77d0dc268000, 262144, PROT_READ|PROT_EXEC, MAP_PRIVATE|MAP_FIXED|MAP_DENYWRITE, 3, 0x7000) = 0x77d0dc268000
49    mmap(0x77d0dc2a8000, 69632, PROT_READ, MAP_PRIVATE|MAP_FIXED|MAP_DENYWRITE, 3, 0x47000) = 0x77d0dc2a8000
49    mmap(0x77d0dc2b9000, 8192, PROT_READ|PROT_WRITE, MAP_PRIVATE|MAP_FIXED|MAP_DENYWRITE, 3, 0x57000) = 0x77d0dc2b9000
49    close(3)                          = 0
49    openat(AT_FDCWD, "/usr/local/lib/libwolfssl.so.43", O_RDONLY|O_CLOEXEC) = 3
49    read(3, "\177ELF\2\1\1\0\0\0\0\0\0\0\0\0\3\0>\0\1\0\0\0\0\0\0\0\0\0\0\0"..., 832) = 832
49    fstat(3, {st_mode=S_IFREG|0755, st_size=3415312, ...}) = 0
49    mmap(NULL, 1657576, PROT_READ, MAP_PRIVATE|MAP_DENYWRITE, 3, 0) = 0x77d0dc0cc000
49    mmap(0x77d0dc0ff000, 1110016, PROT_READ|PROT_EXEC, MAP_PRIVATE|MAP_FIXED|MAP_DENYWRITE, 3, 0x33000) = 0x77d0dc0ff000
49    mmap(0x77d0dc20e000, 270336, PROT_READ, MAP_PRIVATE|MAP_FIXED|MAP_DENYWRITE, 3, 0x142000) = 0x77d0dc20e000
49    mmap(0x77d0dc250000, 32768, PROT_READ|PROT_WRITE, MAP_PRIVATE|MAP_FIXED|MAP_DENYWRITE, 3, 0x183000) = 0x77d0dc250000
49    mmap(0x77d0dc258000, 35560, PROT_READ|PROT_WRITE, MAP_PRIVATE|MAP_FIXED|MAP_ANONYMOUS, -1, 0) = 0x77d0dc258000
49    close(3)                          = 0
49    openat(AT_FDCWD, "/lib/x86_64-linux-gnu/libcrypt.so.1", O_RDONLY|O_CLOEXEC) = 3
49    read(3, "\177ELF\2\1\1\0\0\0\0\0\0\0\0\0\3\0>\0\1\0\0\0\0\0\0\0\0\0\0\0"..., 832) = 832
49    fstat(3, {st_mode=S_IFREG|0644, st_size=206776, ...}) = 0
49    mmap(NULL, 242344, PROT_READ, MAP_PRIVATE|MAP_DENYWRITE, 3, 0) = 0x77d0dc090000
49    mmap(0x77d0dc092000, 90112, PROT_READ|PROT_EXEC, MAP_PRIVATE|MAP_FIXED|MAP_DENYWRITE, 3, 0x2000) = 0x77d0dc092000
49    mmap(0x77d0dc0a8000, 106496, PROT_READ, MAP_PRIVATE|MAP_FIXED|MAP_DENYWRITE, 3, 0x18000) = 0x77d0dc0a8000
49    mmap(0x77d0dc0c2000, 8192, PROT_READ|PROT_WRITE, MAP_PRIVATE|MAP_FIXED|MAP_DENYWRITE, 3, 0x31000) = 0x77d0dc0c2000
49    mmap(0x77d0dc0c4000, 29352, PROT_READ|PROT_WRITE, MAP_PRIVATE|MAP_FIXED|MAP_ANONYMOUS, -1, 0) = 0x77d0dc0c4000
49    close(3)                          = 0
49    openat(AT_FDCWD, "/lib/x86_64-linux-gnu/libc.so.6", O_RDONLY|O_CLOEXEC) = 3
49    read(3, "\177ELF\2\1\1\3\0\0\0\0\0\0\0\0\3\0>\0\1\0\0\0p\236\2\0\0\0\0\0"..., 832) = 832
49    pread64(3, "\6\0\0\0\4\0\0\0@\0\0\0\0\0\0\0@\0\0\0\0\0\0\0@\0\0\0\0\0\0\0"..., 840, 64) = 840
49    fstat(3, {st_mode=S_IFREG|0755, st_size=2003408, ...}) = 0
49    pread64(3, "\6\0\0\0\4\0\0\0@\0\0\0\0\0\0\0@\0\0\0\0\0\0\0@\0\0\0\0\0\0\0"..., 840, 64) = 840
49    mmap(NULL, 2055800, PROT_READ, MAP_PRIVATE|MAP_DENYWRITE, 3, 0) = 0x77d0dbe9a000
49    mmap(0x77d0dbec2000, 1462272, PROT_READ|PROT_EXEC, MAP_PRIVATE|MAP_FIXED|MAP_DENYWRITE, 3, 0x28000) = 0x77d0dbec2000
49    mmap(0x77d0dc027000, 352256, PROT_READ, MAP_PRIVATE|MAP_FIXED|MAP_DENYWRITE, 3, 0x18d000) = 0x77d0dc027000
49    mmap(0x77d0dc07d000, 24576, PROT_READ|PROT_WRITE, MAP_PRIVATE|MAP_FIXED|MAP_DENYWRITE, 3, 0x1e2000) = 0x77d0dc07d000
49    mmap(0x77d0dc083000, 52856, PROT_READ|PROT_WRITE, MAP_PRIVATE|MAP_FIXED|MAP_ANONYMOUS, -1, 0) = 0x77d0dc083000
49    close(3)                          = 0
49    openat(AT_FDCWD, "/lib/x86_64-linux-gnu/libm.so.6", O_RDONLY|O_CLOEXEC) = 3
49    read(3, "\177ELF\2\1\1\3\0\0\0\0\0\0\0\0\3\0>\0\1\0\0\0\0\0\0\0\0\0\0\0"..., 832) = 832
49    fstat(3, {st_mode=S_IFREG|0644, st_size=977112, ...}) = 0
49    mmap(NULL, 8192, PROT_READ|PROT_WRITE, MAP_PRIVATE|MAP_ANONYMOUS, -1, 0) = 0x77d0dbe98000
49    mmap(NULL, 978968, PROT_READ, MAP_PRIVATE|MAP_DENYWRITE, 3, 0) = 0x77d0dbda8000
49    mmap(0x77d0dbdb9000, 512000, PROT_READ|PROT_EXEC, MAP_PRIVATE|MAP_FIXED|MAP_DENYWRITE, 3, 0x11000) = 0x77d0dbdb9000
49    mmap(0x77d0dbe36000, 393216, PROT_READ, MAP_PRIVATE|MAP_FIXED|MAP_DENYWRITE, 3, 0x8e000) = 0x77d0dbe36000
49    mmap(0x77d0dbe96000, 8192, PROT_READ|PROT_WRITE, MAP_PRIVATE|MAP_FIXED|MAP_DENYWRITE, 3, 0xed000) = 0x77d0dbe96000
49    close(3)                          = 0
49    mmap(NULL, 12288, PROT_READ|PROT_WRITE, MAP_PRIVATE|MAP_ANONYMOUS, -1, 0) = 0x77d0dbda5000
49    arch_prctl(ARCH_SET_FS, 0x77d0dbda61c0) = 0
49    set_tid_address(0x77d0dbda6490)   = 49
49    set_robust_list(0x77d0dbda64a0, 24) = 0
49    rseq(0x77d0dbda5680, 0x20, 0, 0x53053053) = 0
49    mprotect(0x77d0dc07d000, 16384, PROT_READ) = 0
49    mprotect(0x77d0dbe96000, 4096, PROT_READ) = 0
49    mprotect(0x77d0dc0c2000, 4096, PROT_READ) = 0
49    mprotect(0x77d0dc250000, 12288, PROT_READ) = 0
49    mprotect(0x77d0dc2b9000, 4096, PROT_READ) = 0
49    mprotect(0x77d0dc2c1000, 4096, PROT_READ) = 0
49    mprotect(0x57928f19e000, 4096, PROT_READ) = 0
49    mprotect(0x77d0dc2f9000, 8192, PROT_READ) = 0
49    prlimit64(0, RLIMIT_STACK, NULL, {rlim_cur=8192*1024, rlim_max=RLIM64_INFINITY}) = 0
49    munmap(0x77d0dc2bb000, 10311)     = 0
49    rt_sigaction(SIGINT, {sa_handler=0x57928f1932ba, sa_mask=[INT], sa_flags=SA_RESTORER|SA_RESTART, sa_restorer=0x77d0dbed9df0}, {sa_handler=SIG_DFL, sa_mask=[], sa_flags=0}, 8) = 0
49    getrandom("\x7d\x98\xdf\xf2\xdd\xab\xba\x8e", 8, GRND_NONBLOCK) = 8
49    brk(NULL)                         = 0x579295f1f000
49    brk(0x579295f40000)               = 0x579295f40000
49    openat(AT_FDCWD, "/etc/ssh/sshd_config", O_RDONLY) = 3
49    getpid()                          = 49
49    write(2, "[PID 49]: [SSHD] parsing config "..., 58) = 58
49    fstat(3, {st_mode=S_IFREG|0600, st_size=211, ...}) = 0
49    read(3, "# wolfSSH sshd configuration fil"..., 4096) = 211
49    getpid()                          = 49
49    write(2, "[PID 49]: [SSHD] Setting login g"..., 49) = 49
49    read(3, "", 4096)                 = 0
49    close(3)                          = 0
49    getpid()                          = 49
49    write(2, "[PID 49]: [SSHD] Starting wolfSS"..., 51) = 51
49    openat(AT_FDCWD, "/etc/ssh/sshd_rsa", O_RDONLY) = 3
49    fstat(3, {st_mode=S_IFREG|0644, st_size=1704, ...}) = 0
49    fstat(3, {st_mode=S_IFREG|0644, st_size=1704, ...}) = 0
49    lseek(3, 0, SEEK_SET)             = 0
49    read(3, "-----BEGIN PRIVATE KEY-----\nMIIE"..., 1704) = 1704
49    lseek(3, 1704, SEEK_SET)          = 1704
49    close(3)                          = 0
49    getpid()                          = 49
49    write(2, "[PID 49]: [SSHD] Setting default"..., 54) = 54
49    getpid()                          = 49
49    write(2, "[PID 49]: [SSHD] Setting Unix pa"..., 45) = 45
49    getpid()                          = 49
49    write(2, "[PID 49]: [SSHD] Setting Unix pu"..., 47) = 47
49    socket(AF_UNIX, SOCK_STREAM|SOCK_CLOEXEC|SOCK_NONBLOCK, 0) = 3
49    connect(3, {sa_family=AF_UNIX, sun_path="/var/run/nscd/socket"}, 110) = -1 ENOENT (No such file or directory)
49    close(3)                          = 0
49    socket(AF_UNIX, SOCK_STREAM|SOCK_CLOEXEC|SOCK_NONBLOCK, 0) = 3
49    connect(3, {sa_family=AF_UNIX, sun_path="/var/run/nscd/socket"}, 110) = -1 ENOENT (No such file or directory)
49    close(3)                          = 0
49    newfstatat(AT_FDCWD, "/etc/nsswitch.conf", {st_mode=S_IFREG|0644, st_size=494, ...}, 0) = 0
49    newfstatat(AT_FDCWD, "/", {st_mode=S_IFDIR|0755, st_size=4096, ...}, 0) = 0
49    openat(AT_FDCWD, "/etc/nsswitch.conf", O_RDONLY|O_CLOEXEC) = 3
49    fstat(3, {st_mode=S_IFREG|0644, st_size=494, ...}) = 0
49    read(3, "# /etc/nsswitch.conf\n#\n# Example"..., 4096) = 494
49    read(3, "", 4096)                 = 0
49    fstat(3, {st_mode=S_IFREG|0644, st_size=494, ...}) = 0
49    close(3)                          = 0
49    openat(AT_FDCWD, "/etc/passwd", O_RDONLY|O_CLOEXEC) = 3
49    fstat(3, {st_mode=S_IFREG|0644, st_size=913, ...}) = 0
49    lseek(3, 0, SEEK_SET)             = 0
49    read(3, "root:x:0:0:root:/root:/bin/bash\n"..., 4096) = 913
49    close(3)                          = 0
49    getgid()                          = 0
49    getuid()                          = 0
49    getpid()                          = 49
49    write(2, "[PID 49]: [SSHD] Starting to lis"..., 47) = 47
49    socket(AF_INET, SOCK_STREAM, IPPROTO_IP) = 3
49    rt_sigaction(SIGPIPE, {sa_handler=SIG_IGN, sa_mask=[PIPE], sa_flags=SA_RESTORER|SA_RESTART, sa_restorer=0x77d0dbed9df0}, {sa_handler=SIG_DFL, sa_mask=[], sa_flags=0}, 8) = 0
49    setsockopt(3, SOL_TCP, TCP_NODELAY, [1], 4) = 0
49    setsockopt(3, SOL_SOCKET, SO_REUSEADDR, [1], 4) = 0
49    bind(3, {sa_family=AF_INET, sin_port=htons(22), sin_addr=inet_addr("0.0.0.0")}, 16) = 0
49    listen(3, 5)                      = 0
49    getpid()                          = 49
49    write(2, "[PID 49]: [SSHD] Listening on po"..., 38) = 38
49    getpid()                          = 49
49    write(2, "[PID 49]: [SSHD] Lowering permis"..., 44) = 44
49    setresgid(-1, 1000, -1)           = 0
49    setresuid(-1, 1000, -1)           = 0
49    pselect6(4, [3], [], [], {tv_sec=1, tv_nsec=0}, NULL) = 0 (Timeout)
49    pselect6(4, [3], [], [], {tv_sec=1, tv_nsec=0}, NULL) = 0 (Timeout)
49    pselect6(4, [3], [], [], {tv_sec=1, tv_nsec=0}, NULL) = 1 (in [3], left {tv_sec=0, tv_nsec=29947477})
49    getpid()                          = 49
49    write(2, "[PID 49]: [SSHD] Incoming TCP da"..., 41) = 41
49    accept(3, {sa_family=AF_INET, sin_port=htons(60282), sin_addr=inet_addr("172.18.0.1")}, [28 => 16]) = 4
49    fcntl(4, F_GETFL)                 = 0x2 (flags O_RDWR)
49    fcntl(4, F_SETFL, O_RDWR|O_NONBLOCK) = 0
49    rt_sigprocmask(SIG_BLOCK, ~[], [], 8) = 0
49    clone(child_stack=NULL, flags=CLONE_CHILD_CLEARTID|CLONE_CHILD_SETTID|SIGCHLD, child_tidptr=0x77d0dbda6490) = 50
49    rt_sigprocmask(SIG_SETMASK, [],  <unfinished ...>
50    set_robust_list(0x77d0dbda64a0, 24 <unfinished ...>
49    <... rt_sigprocmask resumed>NULL, 8) = 0
50    <... set_robust_list resumed>)    = 0
49    rt_sigaction(SIGCHLD, {sa_handler=SIG_IGN, sa_mask=[CHLD], sa_flags=SA_RESTORER|SA_RESTART, sa_restorer=0x77d0dbed9df0},  <unfinished ...>
50    rt_sigprocmask(SIG_SETMASK, [],  <unfinished ...>
49    <... rt_sigaction resumed>{sa_handler=SIG_DFL, sa_mask=[], sa_flags=0}, 8) = 0
50    <... rt_sigprocmask resumed>NULL, 8) = 0
49    getpid()                          = 49
50    close(3 <unfinished ...>
49    write(2, "[PID 49]: [SSHD] Spawned new pro"..., 41 <unfinished ...>
50    <... close resumed>)              = 0
50    rt_sigaction(SIGINT, {sa_handler=SIG_DFL, sa_mask=[INT], sa_flags=SA_RESTORER|SA_RESTART, sa_restorer=0x77d0dbed9df0},  <unfinished ...>
49    <... write resumed>)              = 41
50    <... rt_sigaction resumed>{sa_handler=0x57928f1932ba, sa_mask=[INT], sa_flags=SA_RESTORER|SA_RESTART, sa_restorer=0x77d0dbed9df0}, 8) = 0
49    close(4)                          = 0
49    pselect6(4, [3], [], [], {tv_sec=1, tv_nsec=0}, NULL <unfinished ...>
50    openat(AT_FDCWD, "/dev/urandom", O_RDONLY) = 3
50    read(3, "&\376\216$\321\256\262f\22\331\343\307>\223Y\220\242Ln\257\334\f\360\363\200\236`\375\30\237\233\211"..., 52) = 52
50    close(3)                          = 0
50    rt_sigaction(SIGALRM, {sa_handler=0x57928f19585e, sa_mask=[ALRM], sa_flags=SA_RESTORER|SA_RESTART, sa_restorer=0x77d0dbed9df0}, {sa_handler=SIG_DFL, sa_mask=[], sa_flags=0}, 8) = 0
50    alarm(120)                        = 0
50    sendto(4, "SSH-2.0-wolfSSHv1.4.21\r\n", 24, 0, NULL, 0) = 24
50    recvfrom(4, "SSH-2.0-ssh-mapper\r\n", 255, 0, NULL, NULL) = 20
50    sendto(4, "\0\0\1\264\n\24\346\300-$H\223\210\22Q\306\205\305\306\267P]\0\0\0\231ecdh-s"..., 440, 0, NULL, 0) = 440
50    recvfrom(4, 0x579295f23de0, 8, 0, NULL, NULL) = -1 EAGAIN (Resource temporarily unavailable)
50    pselect6(5, [4], NULL, [4], {tv_sec=1, tv_nsec=100000}, NULL) = 1 (in [4], left {tv_sec=0, tv_nsec=969749202})
50    recvfrom(4, "\0\0\0\324", 8, 0, NULL, NULL) = 4
50    recvfrom(4, 0x579295f23de4, 4, 0, NULL, NULL) = -1 EAGAIN (Resource temporarily unavailable)
50    pselect6(5, [4], NULL, [4], {tv_sec=1, tv_nsec=100000}, NULL) = 1 (in [4], left {tv_sec=0, tv_nsec=961381259})
50    recvfrom(4, "\v\24\0\0", 4, 0, NULL, NULL) = 4
50    recvfrom(4, "\0\0\0\0\0\0\0\0\0\0\0\0\0\0\0\0\0\22ecdh-sha2-nist"..., 208, 0, NULL, NULL) = 208
50    recvfrom(4, 0x579295f23de0, 8, 0, NULL, NULL) = -1 EAGAIN (Resource temporarily unavailable)
50    pselect6(5, [4], NULL, [4], {tv_sec=1, tv_nsec=100000}, NULL <unfinished ...>
49    <... pselect6 resumed>)           = 0 (Timeout)
49    pselect6(4, [3], [], [], {tv_sec=1, tv_nsec=0}, NULL <unfinished ...>
50    <... pselect6 resumed>)           = 1 (in [4], left {tv_sec=0, tv_nsec=14044584})
50    recvfrom(4, "\0\0\0L\5\36\0\0", 8, 0, NULL, NULL) = 8
50    recvfrom(4, "\0A\4$\320\215\203f$\332\315\210\346?F\375\345c\300\275\22\265-v\353\335&\22G\353\200\232"..., 72, 0, NULL, NULL) = 72
50    sendto(4, "\0\0\2\204\n\37\0\0\1\27\0\0\0\7ssh-rsa\0\0\0\3\1\0\1\0\0\1\1"..., 664, 0, NULL, 0) = 664
50    recvfrom(4, 0x579295f23de0, 8, 0, NULL, NULL) = -1 EAGAIN (Resource temporarily unavailable)
50    pselect6(5, [4], NULL, [4], {tv_sec=1, tv_nsec=100000}, NULL <unfinished ...>
49    <... pselect6 resumed>)           = 0 (Timeout)
49    pselect6(4, [3], [], [], {tv_sec=1, tv_nsec=0}, NULL <unfinished ...>
50    <... pselect6 resumed>)           = 0 (Timeout)
50    pselect6(5, [4], NULL, [4], {tv_sec=1, tv_nsec=100000}, NULL) = 1 (in [4], left {tv_sec=0, tv_nsec=952760316})
50    recvfrom(4, "\0\0\0\f\n\25\0\0", 8, 0, NULL, NULL) = 8
50    recvfrom(4, "\0\0\0\0\0\0\0\0", 8, 0, NULL, NULL) = 8
50    recvfrom(4, 0x579295f23de0, 16, 0, NULL, NULL) = -1 EAGAIN (Resource temporarily unavailable)
50    pselect6(5, [4], NULL, [4], {tv_sec=1, tv_nsec=100000}, NULL <unfinished ...>
49    <... pselect6 resumed>)           = 0 (Timeout)
49    pselect6(4, [3], [], [], {tv_sec=1, tv_nsec=0}, NULL <unfinished ...>
50    <... pselect6 resumed>)           = 0 (Timeout)
50    pselect6(5, [4], NULL, [4], {tv_sec=1, tv_nsec=100000}, NULL) = 1 (in [4], left {tv_sec=0, tv_nsec=987006087})
50    recvfrom(4, "\0\0\0 T\223P\325\215\322d\36\204\325\323\333", 16, 0, NULL, NULL) = 16
50    recvfrom(4, "\203\343\tt\261m\341dXJ\210l\252\5\242mN{\215u\245\247j\270\235j\213B\220\231\303\363"..., 36, 0, NULL, NULL) = 36
50    sendto(4, "\0\0\0 \252\211\351@\276\352\262,\34[\315\276d\251\265V\256\215v%S\3470\255\232\314s\372"..., 52, 0, NULL, 0) = 52
50    recvfrom(4, 0x579295f23de0, 16, 0, NULL, NULL) = -1 EAGAIN (Resource temporarily unavailable)
50    pselect6(5, [4], NULL, [4], {tv_sec=1, tv_nsec=100000}, NULL <unfinished ...>
49    <... pselect6 resumed>)           = 0 (Timeout)
49    pselect6(4, [3], [], [], {tv_sec=1, tv_nsec=0}, NULL <unfinished ...>
50    <... pselect6 resumed>)           = 0 (Timeout)
50    pselect6(5, [4], NULL, [4], {tv_sec=1, tv_nsec=100000}, NULL) = 1 (in [4], left {tv_sec=0, tv_nsec=997772015})
50    recvfrom(4, "\0\0\0@\276\350\10_\217$\251\22\5\377\332\312", 16, 0, NULL, NULL) = 16
50    recvfrom(4, "\274>\210\33Or\240z\10f\276i\344\vX\262\374\367&*q\2\334\332*\331\262\217\256!\230g"..., 68, 0, NULL, NULL) = 68
50    getpid()                          = 50
50    write(2, "[PID 50]: [SSHD] Checking user n"..., 41) = 41
50    getpid()                          = 50
50    write(2, "[PID 50]: [SSHD] Unix check user"..., 33) = 33
50    newfstatat(AT_FDCWD, "/etc/nsswitch.conf", {st_mode=S_IFREG|0644, st_size=494, ...}, 0) = 0
50    openat(AT_FDCWD, "/etc/passwd", O_RDONLY|O_CLOEXEC) = 3
50    fstat(3, {st_mode=S_IFREG|0644, st_size=913, ...}) = 0
50    lseek(3, 0, SEEK_SET)             = 0
50    read(3, "root:x:0:0:root:/root:/bin/bash\n"..., 4096) = 913
50    close(3)                          = 0
50    getpid()                          = 50
50    write(2, "[PID 50]: [SSHD] User ok.\n", 26) = 26
50    getpid()                          = 50
50    write(2, "[PID 50]: [SSHD] Attempting to r"..., 55) = 55
50    setresgid(-1, 0, -1)              = 0
50    setresuid(-1, 0, -1)              = 0
50    newfstatat(AT_FDCWD, "/etc/nsswitch.conf", {st_mode=S_IFREG|0644, st_size=494, ...}, 0) = 0
50    openat(AT_FDCWD, "/etc/passwd", O_RDONLY|O_CLOEXEC) = 3
50    fstat(3, {st_mode=S_IFREG|0644, st_size=913, ...}) = 0
50    lseek(3, 0, SEEK_SET)             = 0
50    read(3, "root:x:0:0:root:/root:/bin/bash\n"..., 4096) = 913
50    close(3)                          = 0
50    newfstatat(AT_FDCWD, "/etc/nsswitch.conf", {st_mode=S_IFREG|0644, st_size=494, ...}, 0) = 0
50    openat(AT_FDCWD, "/etc/shadow", O_RDONLY|O_CLOEXEC) = 3
50    fstat(3, {st_mode=S_IFREG|0640, st_size=598, ...}) = 0
50    lseek(3, 0, SEEK_SET)             = 0
50    read(3, "root:*:20409:0:99999:7:::\ndaemon"..., 4096) = 598
50    close(3)                          = 0
50    mmap(NULL, 16801856, PROT_READ|PROT_WRITE, MAP_PRIVATE|MAP_ANONYMOUS, -1, 0) = 0x77d0dad9e000
50    munmap(0x77d0dad9e000, 16801856)  = 0
50    getpid()                          = 50
50    write(2, "[PID 50]: [SSHD] Password ok.\n", 30) = 30
50    getpid()                          = 50
50    write(2, "[PID 50]: [SSHD] Lowering permis"..., 44) = 44
50    setresgid(-1, 1000, -1)           = 0
50    setresuid(-1, 1000, -1)           = 0
50    sendto(4, "\0\0\0\20\370\341\7\302\355T\252\262IK-\355 3\222\204\7\323\255\367V\334\265\357h\234w\217"..., 36, 0, NULL, 0) = 36
50    recvfrom(4, 0x579295f23de0, 16, 0, NULL, NULL) = -1 EAGAIN (Resource temporarily unavailable)
50    pselect6(5, [4], NULL, [4], {tv_sec=1, tv_nsec=100000}, NULL <unfinished ...>
49    <... pselect6 resumed>)           = 0 (Timeout)
49    pselect6(4, [3], [], [], {tv_sec=1, tv_nsec=0}, NULL <unfinished ...>
50    <... pselect6 resumed>)           = 0 (Timeout)
50    pselect6(5, [4], NULL, [4], {tv_sec=1, tv_nsec=100000}, NULL) = 1 (in [4], left {tv_sec=0, tv_nsec=994365039})
50    recvfrom(4, "", 16, 0, NULL, NULL) = 0
50    getpid()                          = 50
50    write(2, "[PID 50]: [SSHD] grace time = 12"..., 46) = 46
50    alarm(0)                          = 114
50    getpid()                          = 50
50    write(2, "[PID 50]: [SSHD] Failed to accep"..., 81) = 81
50    shutdown(4, SHUT_WR)              = 0
50    recvfrom(4, "", 1024, 0, NULL, NULL) = 0
50    close(4)                          = 0
50    getpid()                          = 50
50    write(2, "[PID 50]: [SSHD] Return from clo"..., 52) = 52
50    exit_group(0)                     = ?
50    +++ exited with 0 +++
49    <... pselect6 resumed>)           = 0 (Timeout)
49    pselect6(4, [3], [], [], {tv_sec=1, tv_nsec=0}, NULL) = 0 (Timeout)
49    pselect6(4, [3], [], [], {tv_sec=1, tv_nsec=0}, NULL) = 0 (Timeout)
49    pselect6(4, [3], [], [], {tv_sec=1, tv_nsec=0}, NULL) = 0 (Timeout)
49    pselect6(4, [3], [], [], {tv_sec=1, tv_nsec=0}, NULL) = 0 (Timeout)
49    pselect6(4, [3], [], [], {tv_sec=1, tv_nsec=0}, NULL) = 0 (Timeout)
49    pselect6(4, [3], [], [], {tv_sec=1, tv_nsec=0}, NULL) = 0 (Timeout)
49    pselect6(4, [3], [], [], {tv_sec=1, tv_nsec=0}, NULL) = 0 (Timeout)
49    pselect6(4, [3], [], [], {tv_sec=1, tv_nsec=0}, NULL) = 0 (Timeout)
49    pselect6(4, [3], [], [], {tv_sec=1, tv_nsec=0}, NULL) = 0 (Timeout)
49    pselect6(4, [3], [], [], {tv_sec=1, tv_nsec=0}, NULL) = 0 (Timeout)
49    pselect6(4, [3], [], [], {tv_sec=1, tv_nsec=0}, NULL) = 0 (Timeout)
49    pselect6(4, [3], [], [], {tv_sec=1, tv_nsec=0}, NULL) = 0 (Timeout)
49    pselect6(4, [3], [], [], {tv_sec=1, tv_nsec=0}, NULL) = 0 (Timeout)
49    pselect6(4, [3], [], [], {tv_sec=1, tv_nsec=0}, NULL) = 0 (Timeout)
49    pselect6(4, [3], [], [], {tv_sec=1, tv_nsec=0}, NULL) = 0 (Timeout)
49    pselect6(4, [3], [], [], {tv_sec=1, tv_nsec=0}, NULL) = 0 (Timeout)
49    pselect6(4, [3], [], [], {tv_sec=1, tv_nsec=0}, NULL) = 0 (Timeout)
49    pselect6(4, [3], [], [], {tv_sec=1, tv_nsec=0}, NULL) = 0 (Timeout)
49    pselect6(4, [3], [], [], {tv_sec=1, tv_nsec=0}, NULL) = 0 (Timeout)
49    pselect6(4, [3], [], [], {tv_sec=1, tv_nsec=0}, NULL) = 0 (Timeout)
49    pselect6(4, [3], [], [], {tv_sec=1, tv_nsec=0}, NULL) = 0 (Timeout)
49    pselect6(4, [3], [], [], {tv_sec=1, tv_nsec=0}, NULL) = 0 (Timeout)
49    pselect6(4, [3], [], [], {tv_sec=1, tv_nsec=0}, NULL) = 0 (Timeout)
49    pselect6(4, [3], [], [], {tv_sec=1, tv_nsec=0}, NULL) = ? ERESTARTNOHAND (To be restarted if no handler)
49    --- SIGINT {si_signo=SIGINT, si_code=SI_KERNEL} ---
49    write(2, "Closing down wolfSSHD\n", 22) = 22
49    rt_sigreturn({mask=[]})           = -1 EINTR (Interrupted system call)
49    exit_group(0)                     = ?
49    +++ exited with 0 +++
